  HW8.cpp
c:\users\djaxl\onedrive\바탕 화면\20학번 엄예진\2학기 (20학점\컴퓨터그래픽스\openglproject\openglproject\hw8.cpp(116): warning C4305: '인수': 'double'에서 'GLfloat'(으)로 잘립니다.
c:\users\djaxl\onedrive\바탕 화면\20학번 엄예진\2학기 (20학점\컴퓨터그래픽스\openglproject\openglproject\hw8.cpp(147): warning C4305: '인수': 'double'에서 'GLfloat'(으)로 잘립니다.
c:\users\djaxl\onedrive\바탕 화면\20학번 엄예진\2학기 (20학점\컴퓨터그래픽스\openglproject\openglproject\hw8.cpp(179): warning C4305: '인수': 'double'에서 'GLfloat'(으)로 잘립니다.
c:\users\djaxl\onedrive\바탕 화면\20학번 엄예진\2학기 (20학점\컴퓨터그래픽스\openglproject\openglproject\hw8.cpp(202): warning C4305: '인수': 'double'에서 'GLfloat'(으)로 잘립니다.
c:\users\djaxl\onedrive\바탕 화면\20학번 엄예진\2학기 (20학점\컴퓨터그래픽스\openglproject\openglproject\hw8.cpp(255): warning C4305: '초기화 중': 'double'에서 'float'(으)로 잘립니다.
c:\users\djaxl\onedrive\바탕 화면\20학번 엄예진\2학기 (20학점\컴퓨터그래픽스\openglproject\openglproject\hw8.cpp(261): warning C4305: '=': 'double'에서 'float'(으)로 잘립니다.
c:\users\djaxl\onedrive\바탕 화면\20학번 엄예진\2학기 (20학점\컴퓨터그래픽스\openglproject\openglproject\hw8.cpp(264): warning C4305: '=': 'double'에서 'float'(으)로 잘립니다.
c:\users\djaxl\onedrive\바탕 화면\20학번 엄예진\2학기 (20학점\컴퓨터그래픽스\openglproject\openglproject\hw8.cpp(355): warning C4244: '인수': 'double'에서 'GLsizei'(으)로 변환하면서 데이터가 손실될 수 있습니다.
c:\users\djaxl\onedrive\바탕 화면\20학번 엄예진\2학기 (20학점\컴퓨터그래픽스\openglproject\openglproject\hw8.cpp(355): warning C4244: '인수': 'double'에서 'GLint'(으)로 변환하면서 데이터가 손실될 수 있습니다.
c:\users\djaxl\onedrive\바탕 화면\20학번 엄예진\2학기 (20학점\컴퓨터그래픽스\openglproject\openglproject\hw8.cpp(360): warning C4244: '인수': 'double'에서 'GLsizei'(으)로 변환하면서 데이터가 손실될 수 있습니다.
c:\users\djaxl\onedrive\바탕 화면\20학번 엄예진\2학기 (20학점\컴퓨터그래픽스\openglproject\openglproject\hw8.cpp(360): warning C4244: '인수': 'double'에서 'GLint'(으)로 변환하면서 데이터가 손실될 수 있습니다.
c:\users\djaxl\onedrive\바탕 화면\20학번 엄예진\2학기 (20학점\컴퓨터그래픽스\openglproject\openglproject\hw8.cpp(398): warning C4244: '=': 'double'에서 'float'(으)로 변환하면서 데이터가 손실될 수 있습니다.
c:\users\djaxl\onedrive\바탕 화면\20학번 엄예진\2학기 (20학점\컴퓨터그래픽스\openglproject\openglproject\hw8.cpp(408): warning C4244: '=': 'double'에서 'float'(으)로 변환하면서 데이터가 손실될 수 있습니다.
c:\users\djaxl\onedrive\바탕 화면\20학번 엄예진\2학기 (20학점\컴퓨터그래픽스\openglproject\openglproject\hw8.cpp(418): warning C4244: '=': 'double'에서 'float'(으)로 변환하면서 데이터가 손실될 수 있습니다.
c:\users\djaxl\onedrive\바탕 화면\20학번 엄예진\2학기 (20학점\컴퓨터그래픽스\openglproject\openglproject\hw8.cpp(428): warning C4244: '=': 'double'에서 'float'(으)로 변환하면서 데이터가 손실될 수 있습니다.
c:\users\djaxl\onedrive\바탕 화면\20학번 엄예진\2학기 (20학점\컴퓨터그래픽스\openglproject\openglproject\hw8.cpp(440): warning C4326: 'main'의 반환 형식이 'int'이어야 하는데 'void'입니다.
  코드를 생성하고 있습니다.
  2 of 12 functions (16.7%) were compiled, the rest were copied from previous compilation.
    0 functions were new in current compilation
    0 functions had inline decision re-evaluated but remain unchanged
  코드를 생성했습니다.
  OpenGLProject.vcxproj -> C:\Users\djaxl\OneDrive\바탕 화면\20학번 엄예진\2학기 (20학점\컴퓨터그래픽스\OpenGLProject\x64\Release\OpenGLProject.exe
